
============= MEMWATCH 2.71 Copyright (C) 1992-1999 Johan Lindh =============

Started at Thu Apr 07 17:21:48 2016

Modes: 64-bit mwDWORD==(unsigned long)
mwROUNDALLOC==8 sizeof(mwData)==32 mwDataSize==32
Compiled using Microsoft C 18.00


Stopped at Thu Apr 07 17:21:50 2016

unfreed: <1> c:\users\apple\documents\c提高视频\code\day08\consoleapplication2\consoleapplication2\内存泄露检查.c(9), 100 bytes at 00A19C90  	{FE FE FE FE FE FE FE FE FE FE FE FE FE FE FE FE ................}

Memory usage statistics (global):
 N)umber of allocations made: 1
 L)argest memory usage      : 100
 T)otal of all alloc() calls: 100
 U)nfreed bytes totals      : 100
MEMWATCH detected 1 anomalies

============= MEMWATCH 2.71 Copyright (C) 1992-1999 Johan Lindh =============

Started at Thu Apr 07 17:22:47 2016

Modes: 64-bit mwDWORD==(unsigned long)
mwROUNDALLOC==8 sizeof(mwData)==32 mwDataSize==32
Compiled using Microsoft C 18.00


Stopped at Thu Apr 07 17:22:49 2016


Memory usage statistics (global):
 N)umber of allocations made: 1
 L)argest memory usage      : 100
 T)otal of all alloc() calls: 100
 U)nfreed bytes totals      : 0
