f:\programlanguage\clanguage\clanaugeadvanced\day02\day02\debug\vc142.pdb
f:\programlanguage\clanguage\clanaugeadvanced\day02\day02\debug\vc142.idb
f:\programlanguage\clanguage\clanaugeadvanced\day02\day02\debug\07_strstr中的while和do-while模型.obj
f:\programlanguage\clanguage\clanaugeadvanced\day02\day02\debug\08_两头堵模型.obj
f:\programlanguage\clanguage\clanaugeadvanced\day02\day02\debug\06_字符串拷贝函数的实现.obj
f:\programlanguage\clanguage\clanaugeadvanced\day02\day02\debug\hw04.obj
f:\programlanguage\clanguage\clanaugeadvanced\day02\day02\debug\hw03.obj
f:\programlanguage\clanguage\clanaugeadvanced\day02\day02\debug\hw02.obj
f:\programlanguage\clanguage\clanaugeadvanced\day02\day02\debug\test.obj
f:\programlanguage\clanguage\clanaugeadvanced\day02\debug\day02.pdb
f:\programlanguage\clanguage\clanaugeadvanced\day02\day02\debug\day02.tlog\cl.command.1.tlog
f:\programlanguage\clanguage\clanaugeadvanced\day02\day02\debug\day02.tlog\cl.read.1.tlog
f:\programlanguage\clanguage\clanaugeadvanced\day02\day02\debug\day02.tlog\cl.write.1.tlog
f:\programlanguage\clanguage\clanaugeadvanced\day02\day02\debug\day02.tlog\link-cvtres.read.1.tlog
f:\programlanguage\clanguage\clanaugeadvanced\day02\day02\debug\day02.tlog\link-cvtres.write.1.tlog
f:\programlanguage\clanguage\clanaugeadvanced\day02\day02\debug\day02.tlog\link-rc.read.1.tlog
f:\programlanguage\clanguage\clanaugeadvanced\day02\day02\debug\day02.tlog\link-rc.write.1.tlog
f:\programlanguage\clanguage\clanaugeadvanced\day02\day02\debug\day02.tlog\link.5636-cvtres.read.1.tlog
f:\programlanguage\clanguage\clanaugeadvanced\day02\day02\debug\day02.tlog\link.5636-cvtres.write.1.tlog
f:\programlanguage\clanguage\clanaugeadvanced\day02\day02\debug\day02.tlog\link.5636-rc.read.1.tlog
f:\programlanguage\clanguage\clanaugeadvanced\day02\day02\debug\day02.tlog\link.5636-rc.write.1.tlog
f:\programlanguage\clanguage\clanaugeadvanced\day02\day02\debug\day02.tlog\link.5636.read.1.tlog
f:\programlanguage\clanguage\clanaugeadvanced\day02\day02\debug\day02.tlog\link.5636.write.1.tlog
f:\programlanguage\clanguage\clanaugeadvanced\day02\day02\debug\day02.tlog\link.command.1.tlog
f:\programlanguage\clanguage\clanaugeadvanced\day02\day02\debug\day02.tlog\link.read.1.tlog
f:\programlanguage\clanguage\clanaugeadvanced\day02\day02\debug\day02.tlog\link.write.1.tlog
