f:\programlanguage\clanguage\clanaugeadvanced\day01\day01\day01\debug\vc142.pdb
f:\programlanguage\clanguage\clanaugeadvanced\day01\day01\day01\debug\vc142.idb
f:\programlanguage\clanguage\clanaugeadvanced\day01\day01\day01\debug\socketclient_test.obj
f:\programlanguage\clanguage\clanaugeadvanced\day01\day01\day01\debug\socketclient.obj
f:\programlanguage\clanguage\clanaugeadvanced\day01\day01\day01\debug\01_听课标准(选择排序法).obj
f:\programlanguage\clanguage\clanaugeadvanced\day01\day01\debug\day01.exe
f:\programlanguage\clanguage\clanaugeadvanced\day01\day01\debug\day01.ilk
f:\programlanguage\clanguage\clanaugeadvanced\day01\day01\debug\day01.pdb
f:\programlanguage\clanguage\clanaugeadvanced\day01\day01\day01\debug\day01.tlog\cl.command.1.tlog
f:\programlanguage\clanguage\clanaugeadvanced\day01\day01\day01\debug\day01.tlog\cl.read.1.tlog
f:\programlanguage\clanguage\clanaugeadvanced\day01\day01\day01\debug\day01.tlog\cl.write.1.tlog
f:\programlanguage\clanguage\clanaugeadvanced\day01\day01\day01\debug\day01.tlog\link.628-cvtres.read.1.tlog
f:\programlanguage\clanguage\clanaugeadvanced\day01\day01\day01\debug\day01.tlog\link.628-cvtres.write.1.tlog
f:\programlanguage\clanguage\clanaugeadvanced\day01\day01\day01\debug\day01.tlog\link.628-rc.read.1.tlog
f:\programlanguage\clanguage\clanaugeadvanced\day01\day01\day01\debug\day01.tlog\link.628-rc.write.1.tlog
f:\programlanguage\clanguage\clanaugeadvanced\day01\day01\day01\debug\day01.tlog\link.628.read.1.tlog
f:\programlanguage\clanguage\clanaugeadvanced\day01\day01\day01\debug\day01.tlog\link.628.write.1.tlog
f:\programlanguage\clanguage\clanaugeadvanced\day01\day01\day01\debug\day01.tlog\link.command.1.tlog
f:\programlanguage\clanguage\clanaugeadvanced\day01\day01\day01\debug\day01.tlog\link.read.1.tlog
f:\programlanguage\clanguage\clanaugeadvanced\day01\day01\day01\debug\day01.tlog\link.write.1.tlog
