  main.c
E:\Program language\C language\练习\sale\sale\main.c(10,1): warning C4996:  'scanf': This function or variable may be unsafe. Consider using scanf_s instead. To disable deprecation, use _CRT_SECURE_NO_WARNINGS. See online help for details.
F:\Windows Kits\10\Include\10.0.17763.0\ucrt\stdio.h(1274): message :  参见“scanf”的声明
E:\Program language\C language\练习\sale\sale\main.c(33,1): warning C4996:  'scanf': This function or variable may be unsafe. Consider using scanf_s instead. To disable deprecation, use _CRT_SECURE_NO_WARNINGS. See online help for details.
F:\Windows Kits\10\Include\10.0.17763.0\ucrt\stdio.h(1274): message :  参见“scanf”的声明
E:\Program language\C language\练习\sale\sale\main.c(39,1): warning C4996:  'scanf': This function or variable may be unsafe. Consider using scanf_s instead. To disable deprecation, use _CRT_SECURE_NO_WARNINGS. See online help for details.
F:\Windows Kits\10\Include\10.0.17763.0\ucrt\stdio.h(1274): message :  参见“scanf”的声明
E:\Program language\C language\练习\sale\sale\main.c(72,1): warning C4996:  'scanf': This function or variable may be unsafe. Consider using scanf_s instead. To disable deprecation, use _CRT_SECURE_NO_WARNINGS. See online help for details.
F:\Windows Kits\10\Include\10.0.17763.0\ucrt\stdio.h(1274): message :  参见“scanf”的声明
E:\Program language\C language\练习\sale\sale\main.c(85,1): warning C4996:  'scanf': This function or variable may be unsafe. Consider using scanf_s instead. To disable deprecation, use _CRT_SECURE_NO_WARNINGS. See online help for details.
F:\Windows Kits\10\Include\10.0.17763.0\ucrt\stdio.h(1274): message :  参见“scanf”的声明
E:\Program language\C language\练习\sale\sale\main.c(105,1): warning C4996:  'scanf': This function or variable may be unsafe. Consider using scanf_s instead. To disable deprecation, use _CRT_SECURE_NO_WARNINGS. See online help for details.
F:\Windows Kits\10\Include\10.0.17763.0\ucrt\stdio.h(1274): message :  参见“scanf”的声明
E:\Program language\C language\练习\sale\sale\main.c(124,1): warning C4996:  'scanf': This function or variable may be unsafe. Consider using scanf_s instead. To disable deprecation, use _CRT_SECURE_NO_WARNINGS. See online help for details.
F:\Windows Kits\10\Include\10.0.17763.0\ucrt\stdio.h(1274): message :  参见“scanf”的声明
E:\Program language\C language\练习\sale\sale\main.c(137,1): warning C4996:  'fopen': This function or variable may be unsafe. Consider using fopen_s instead. To disable deprecation, use _CRT_SECURE_NO_WARNINGS. See online help for details.
F:\Windows Kits\10\Include\10.0.17763.0\ucrt\stdio.h(208): message :  参见“fopen”的声明
E:\Program language\C language\练习\sale\sale\main.c(152,1): warning C4996:  'fopen': This function or variable may be unsafe. Consider using fopen_s instead. To disable deprecation, use _CRT_SECURE_NO_WARNINGS. See online help for details.
F:\Windows Kits\10\Include\10.0.17763.0\ucrt\stdio.h(208): message :  参见“fopen”的声明
E:\Program language\C language\练习\sale\sale\main.c(174,1): warning C4996:  'scanf': This function or variable may be unsafe. Consider using scanf_s instead. To disable deprecation, use _CRT_SECURE_NO_WARNINGS. See online help for details.
F:\Windows Kits\10\Include\10.0.17763.0\ucrt\stdio.h(1274): message :  参见“scanf”的声明
E:\Program language\C language\练习\sale\sale\main.c(176,1): warning C4996:  'fopen': This function or variable may be unsafe. Consider using fopen_s instead. To disable deprecation, use _CRT_SECURE_NO_WARNINGS. See online help for details.
F:\Windows Kits\10\Include\10.0.17763.0\ucrt\stdio.h(208): message :  参见“fopen”的声明
E:\Program language\C language\练习\sale\sale\main.c(188,1): warning C4996:  'scanf': This function or variable may be unsafe. Consider using scanf_s instead. To disable deprecation, use _CRT_SECURE_NO_WARNINGS. See online help for details.
F:\Windows Kits\10\Include\10.0.17763.0\ucrt\stdio.h(1274): message :  参见“scanf”的声明
  sale.vcxproj -> E:\Program language\C language\练习\sale\Debug\sale.exe
